<?xml version="1.0" encoding="UTF-8"?>
<!-- Generated by org.testng.reporters.JUnitReportReporter -->
<testsuite hostname="ddcafbdcfabea305233117cdfcdbdecdadtwo-0" failures="0" tests="1" name="runner.Testcase1" time="4.744" errors="0" timestamp="2023-09-19T08:24:29 UTC" skipped="0">
  <testcase classname="runner.Testcase1" name="TC_001" time="4.744"/>
</testsuite> <!-- runner.Testcase1 -->
