<?xml version="1.0" encoding="UTF-8"?>
<!-- Generated by org.testng.reporters.JUnitReportReporter -->
<testsuite hostname="ddcafbdcfabea305233117cdfcdbdecdadtwo-0" failures="0" tests="1" name="runner.Testcase1" time="5.087" errors="0" timestamp="2023-09-19T07:59:23 UTC" skipped="0">
  <testcase classname="runner.Testcase1" name="TC_001" time="5.087"/>
</testsuite> <!-- runner.Testcase1 -->
